Traceback (most recent call last):
  File "/home/runner/micromamba/envs/bids23/lib/python3.11/site-packages/jupyter_cache/executors/utils.py", line 58, in single_nb_execution
    executenb(
  File "/home/runner/micromamba/envs/bids23/lib/python3.11/site-packages/nbclient/client.py", line 1305, in execute
    return NotebookClient(nb=nb, resources=resources, km=km, **kwargs).execute()
           ^^^^^^^^^^^^^^^^^^^^^^^^^^^^^^^^^^^^^^^^^^^^^^^^^^^^^^^^^^^^^^^^^^^^^
  File "/home/runner/micromamba/envs/bids23/lib/python3.11/site-packages/jupyter_core/utils/__init__.py", line 166, in wrapped
    return loop.run_until_complete(inner)
           ^^^^^^^^^^^^^^^^^^^^^^^^^^^^^^
  File "/home/runner/micromamba/envs/bids23/lib/python3.11/asyncio/base_events.py", line 653, in run_until_complete
    return future.result()
           ^^^^^^^^^^^^^^^
  File "/home/runner/micromamba/envs/bids23/lib/python3.11/site-packages/nbclient/client.py", line 705, in async_execute
    await self.async_execute_cell(
  File "/home/runner/micromamba/envs/bids23/lib/python3.11/site-packages/nbclient/client.py", line 1058, in async_execute_cell
    await self._check_raise_for_error(cell, cell_index, exec_reply)
  File "/home/runner/micromamba/envs/bids23/lib/python3.11/site-packages/nbclient/client.py", line 914, in _check_raise_for_error
    raise CellExecutionError.from_cell_and_msg(cell, exec_reply_content)
nbclient.exceptions.CellExecutionError: An error occurred while executing the following cell:
------------------
import xarray as xr

catalogue="https://object-store.cloud.muni.cz/swift/v1/foss4g-catalogue/c_gls_NDVI-LTS_1999-2019.json"
LTS = xr.open_mfdataset(
    "reference://", engine="zarr",
    backend_kwargs={
        "storage_options": {
            "fo":catalogue
                    },
        "consolidated": False
    }
)
LTS
------------------


[0;31m---------------------------------------------------------------------------[0m
[0;31mValueError[0m                                Traceback (most recent call last)
Cell [0;32mIn[2], line 4[0m
[1;32m      1[0m [38;5;28;01mimport[39;00m [38;5;21;01mxarray[39;00m [38;5;28;01mas[39;00m [38;5;21;01mxr[39;00m
[1;32m      3[0m catalogue[38;5;241m=[39m[38;5;124m"[39m[38;5;124mhttps://object-store.cloud.muni.cz/swift/v1/foss4g-catalogue/c_gls_NDVI-LTS_1999-2019.json[39m[38;5;124m"[39m
[0;32m----> 4[0m LTS [38;5;241m=[39m [43mxr[49m[38;5;241;43m.[39;49m[43mopen_mfdataset[49m[43m([49m
[1;32m      5[0m [43m    [49m[38;5;124;43m"[39;49m[38;5;124;43mreference://[39;49m[38;5;124;43m"[39;49m[43m,[49m[43m [49m[43mengine[49m[38;5;241;43m=[39;49m[38;5;124;43m"[39;49m[38;5;124;43mzarr[39;49m[38;5;124;43m"[39;49m[43m,[49m
[1;32m      6[0m [43m    [49m[43mbackend_kwargs[49m[38;5;241;43m=[39;49m[43m{[49m
[1;32m      7[0m [43m        [49m[38;5;124;43m"[39;49m[38;5;124;43mstorage_options[39;49m[38;5;124;43m"[39;49m[43m:[49m[43m [49m[43m{[49m
[1;32m      8[0m [43m            [49m[38;5;124;43m"[39;49m[38;5;124;43mfo[39;49m[38;5;124;43m"[39;49m[43m:[49m[43mcatalogue[49m
[1;32m      9[0m [43m                    [49m[43m}[49m[43m,[49m
[1;32m     10[0m [43m        [49m[38;5;124;43m"[39;49m[38;5;124;43mconsolidated[39;49m[38;5;124;43m"[39;49m[43m:[49m[43m [49m[38;5;28;43;01mFalse[39;49;00m
[1;32m     11[0m [43m    [49m[43m}[49m
[1;32m     12[0m [43m)[49m
[1;32m     13[0m LTS

File [0;32m~/micromamba/envs/bids23/lib/python3.11/site-packages/xarray/backends/api.py:1012[0m, in [0;36mopen_mfdataset[0;34m(paths, chunks, concat_dim, compat, preprocess, engine, data_vars, coords, combine, parallel, join, attrs_file, combine_attrs, **kwargs)[0m
[1;32m   1009[0m     open_ [38;5;241m=[39m open_dataset
[1;32m   1010[0m     getattr_ [38;5;241m=[39m [38;5;28mgetattr[39m
[0;32m-> 1012[0m datasets [38;5;241m=[39m [43m[[49m[43mopen_[49m[43m([49m[43mp[49m[43m,[49m[43m [49m[38;5;241;43m*[39;49m[38;5;241;43m*[39;49m[43mopen_kwargs[49m[43m)[49m[43m [49m[38;5;28;43;01mfor[39;49;00m[43m [49m[43mp[49m[43m [49m[38;5;129;43;01min[39;49;00m[43m [49m[43mpaths[49m[43m][49m
[1;32m   1013[0m closers [38;5;241m=[39m [getattr_(ds, [38;5;124m"[39m[38;5;124m_close[39m[38;5;124m"[39m) [38;5;28;01mfor[39;00m ds [38;5;129;01min[39;00m datasets]
[1;32m   1014[0m [38;5;28;01mif[39;00m preprocess [38;5;129;01mis[39;00m [38;5;129;01mnot[39;00m [38;5;28;01mNone[39;00m:

File [0;32m~/micromamba/envs/bids23/lib/python3.11/site-packages/xarray/backends/api.py:1012[0m, in [0;36m<listcomp>[0;34m(.0)[0m
[1;32m   1009[0m     open_ [38;5;241m=[39m open_dataset
[1;32m   1010[0m     getattr_ [38;5;241m=[39m [38;5;28mgetattr[39m
[0;32m-> 1012[0m datasets [38;5;241m=[39m [[43mopen_[49m[43m([49m[43mp[49m[43m,[49m[43m [49m[38;5;241;43m*[39;49m[38;5;241;43m*[39;49m[43mopen_kwargs[49m[43m)[49m [38;5;28;01mfor[39;00m p [38;5;129;01min[39;00m paths]
[1;32m   1013[0m closers [38;5;241m=[39m [getattr_(ds, [38;5;124m"[39m[38;5;124m_close[39m[38;5;124m"[39m) [38;5;28;01mfor[39;00m ds [38;5;129;01min[39;00m datasets]
[1;32m   1014[0m [38;5;28;01mif[39;00m preprocess [38;5;129;01mis[39;00m [38;5;129;01mnot[39;00m [38;5;28;01mNone[39;00m:

File [0;32m~/micromamba/envs/bids23/lib/python3.11/site-packages/xarray/backends/api.py:570[0m, in [0;36mopen_dataset[0;34m(filename_or_obj, engine, chunks, cache, decode_cf, mask_and_scale, decode_times, decode_timedelta, use_cftime, concat_characters, decode_coords, drop_variables, inline_array, chunked_array_type, from_array_kwargs, backend_kwargs, **kwargs)[0m
[1;32m    558[0m decoders [38;5;241m=[39m _resolve_decoders_kwargs(
[1;32m    559[0m     decode_cf,
[1;32m    560[0m     open_backend_dataset_parameters[38;5;241m=[39mbackend[38;5;241m.[39mopen_dataset_parameters,
[0;32m   (...)[0m
[1;32m    566[0m     decode_coords[38;5;241m=[39mdecode_coords,
[1;32m    567[0m )
[1;32m    569[0m overwrite_encoded_chunks [38;5;241m=[39m kwargs[38;5;241m.[39mpop([38;5;124m"[39m[38;5;124moverwrite_encoded_chunks[39m[38;5;124m"[39m, [38;5;28;01mNone[39;00m)
[0;32m--> 570[0m backend_ds [38;5;241m=[39m [43mbackend[49m[38;5;241;43m.[39;49m[43mopen_dataset[49m[43m([49m
[1;32m    571[0m [43m    [49m[43mfilename_or_obj[49m[43m,[49m
[1;32m    572[0m [43m    [49m[43mdrop_variables[49m[38;5;241;43m=[39;49m[43mdrop_variables[49m[43m,[49m
[1;32m    573[0m [43m    [49m[38;5;241;43m*[39;49m[38;5;241;43m*[39;49m[43mdecoders[49m[43m,[49m
[1;32m    574[0m [43m    [49m[38;5;241;43m*[39;49m[38;5;241;43m*[39;49m[43mkwargs[49m[43m,[49m
[1;32m    575[0m [43m[49m[43m)[49m
[1;32m    576[0m ds [38;5;241m=[39m _dataset_from_backend_dataset(
[1;32m    577[0m     backend_ds,
[1;32m    578[0m     filename_or_obj,
[0;32m   (...)[0m
[1;32m    588[0m     [38;5;241m*[39m[38;5;241m*[39mkwargs,
[1;32m    589[0m )
[1;32m    590[0m [38;5;28;01mreturn[39;00m ds

File [0;32m~/micromamba/envs/bids23/lib/python3.11/site-packages/xarray/backends/zarr.py:965[0m, in [0;36mZarrBackendEntrypoint.open_dataset[0;34m(self, filename_or_obj, mask_and_scale, decode_times, concat_characters, decode_coords, drop_variables, use_cftime, decode_timedelta, group, mode, synchronizer, consolidated, chunk_store, storage_options, stacklevel, zarr_version)[0m
[1;32m    944[0m [38;5;28;01mdef[39;00m [38;5;21mopen_dataset[39m(  [38;5;66;03m# type: ignore[override]  # allow LSP violation, not supporting **kwargs[39;00m
[1;32m    945[0m     [38;5;28mself[39m,
[1;32m    946[0m     filename_or_obj: [38;5;28mstr[39m [38;5;241m|[39m os[38;5;241m.[39mPathLike[Any] [38;5;241m|[39m BufferedIOBase [38;5;241m|[39m AbstractDataStore,
[0;32m   (...)[0m
[1;32m    962[0m     zarr_version[38;5;241m=[39m[38;5;28;01mNone[39;00m,
[1;32m    963[0m ) [38;5;241m-[39m[38;5;241m>[39m Dataset:
[1;32m    964[0m     filename_or_obj [38;5;241m=[39m _normalize_path(filename_or_obj)
[0;32m--> 965[0m     store [38;5;241m=[39m [43mZarrStore[49m[38;5;241;43m.[39;49m[43mopen_group[49m[43m([49m
[1;32m    966[0m [43m        [49m[43mfilename_or_obj[49m[43m,[49m
[1;32m    967[0m [43m        [49m[43mgroup[49m[38;5;241;43m=[39;49m[43mgroup[49m[43m,[49m
[1;32m    968[0m [43m        [49m[43mmode[49m[38;5;241;43m=[39;49m[43mmode[49m[43m,[49m
[1;32m    969[0m [43m        [49m[43msynchronizer[49m[38;5;241;43m=[39;49m[43msynchronizer[49m[43m,[49m
[1;32m    970[0m [43m        [49m[43mconsolidated[49m[38;5;241;43m=[39;49m[43mconsolidated[49m[43m,[49m
[1;32m    971[0m [43m        [49m[43mconsolidate_on_close[49m[38;5;241;43m=[39;49m[38;5;28;43;01mFalse[39;49;00m[43m,[49m
[1;32m    972[0m [43m        [49m[43mchunk_store[49m[38;5;241;43m=[39;49m[43mchunk_store[49m[43m,[49m
[1;32m    973[0m [43m        [49m[43mstorage_options[49m[38;5;241;43m=[39;49m[43mstorage_options[49m[43m,[49m
[1;32m    974[0m [43m        [49m[43mstacklevel[49m[38;5;241;43m=[39;49m[43mstacklevel[49m[43m [49m[38;5;241;43m+[39;49m[43m [49m[38;5;241;43m1[39;49m[43m,[49m
[1;32m    975[0m [43m        [49m[43mzarr_version[49m[38;5;241;43m=[39;49m[43mzarr_version[49m[43m,[49m
[1;32m    976[0m [43m    [49m[43m)[49m
[1;32m    978[0m     store_entrypoint [38;5;241m=[39m StoreBackendEntrypoint()
[1;32m    979[0m     [38;5;28;01mwith[39;00m close_on_error(store):

File [0;32m~/micromamba/envs/bids23/lib/python3.11/site-packages/xarray/backends/zarr.py:454[0m, in [0;36mZarrStore.open_group[0;34m(cls, store, mode, synchronizer, group, consolidated, consolidate_on_close, chunk_store, storage_options, append_dim, write_region, safe_chunks, stacklevel, zarr_version, write_empty)[0m
[1;32m    452[0m     zarr_group [38;5;241m=[39m zarr[38;5;241m.[39mopen_consolidated(store, [38;5;241m*[39m[38;5;241m*[39mopen_kwargs)
[1;32m    453[0m [38;5;28;01melse[39;00m:
[0;32m--> 454[0m     zarr_group [38;5;241m=[39m [43mzarr[49m[38;5;241;43m.[39;49m[43mopen_group[49m[43m([49m[43mstore[49m[43m,[49m[43m [49m[38;5;241;43m*[39;49m[38;5;241;43m*[39;49m[43mopen_kwargs[49m[43m)[49m
[1;32m    455[0m [38;5;28;01mreturn[39;00m [38;5;28mcls[39m(
[1;32m    456[0m     zarr_group,
[1;32m    457[0m     mode,
[0;32m   (...)[0m
[1;32m    462[0m     write_empty,
[1;32m    463[0m )

File [0;32m~/micromamba/envs/bids23/lib/python3.11/site-packages/zarr/hierarchy.py:1508[0m, in [0;36mopen_group[0;34m(store, mode, cache_attrs, synchronizer, path, chunk_store, storage_options, zarr_version, meta_array)[0m
[1;32m   1457[0m [38;5;250m[39m[38;5;124;03m"""Open a group using file-mode-like semantics.[39;00m
[1;32m   1458[0m 
[1;32m   1459[0m [38;5;124;03mParameters[39;00m
[0;32m   (...)[0m
[1;32m   1504[0m 
[1;32m   1505[0m [38;5;124;03m"""[39;00m
[1;32m   1507[0m [38;5;66;03m# handle polymorphic store arg[39;00m
[0;32m-> 1508[0m store [38;5;241m=[39m [43m_normalize_store_arg[49m[43m([49m
[1;32m   1509[0m [43m    [49m[43mstore[49m[43m,[49m[43m [49m[43mstorage_options[49m[38;5;241;43m=[39;49m[43mstorage_options[49m[43m,[49m[43m [49m[43mmode[49m[38;5;241;43m=[39;49m[43mmode[49m[43m,[49m[43m [49m[43mzarr_version[49m[38;5;241;43m=[39;49m[43mzarr_version[49m
[1;32m   1510[0m [43m[49m[43m)[49m
[1;32m   1511[0m [38;5;28;01mif[39;00m zarr_version [38;5;129;01mis[39;00m [38;5;28;01mNone[39;00m:
[1;32m   1512[0m     zarr_version [38;5;241m=[39m [38;5;28mgetattr[39m(store, [38;5;124m"[39m[38;5;124m_store_version[39m[38;5;124m"[39m, DEFAULT_ZARR_VERSION)

File [0;32m~/micromamba/envs/bids23/lib/python3.11/site-packages/zarr/hierarchy.py:1350[0m, in [0;36m_normalize_store_arg[0;34m(store, storage_options, mode, zarr_version)[0m
[1;32m   1348[0m [38;5;28;01mif[39;00m store [38;5;129;01mis[39;00m [38;5;28;01mNone[39;00m:
[1;32m   1349[0m     [38;5;28;01mreturn[39;00m MemoryStore() [38;5;28;01mif[39;00m zarr_version [38;5;241m==[39m [38;5;241m2[39m [38;5;28;01melse[39;00m MemoryStoreV3()
[0;32m-> 1350[0m [38;5;28;01mreturn[39;00m [43mnormalize_store_arg[49m[43m([49m
[1;32m   1351[0m [43m    [49m[43mstore[49m[43m,[49m[43m [49m[43mstorage_options[49m[38;5;241;43m=[39;49m[43mstorage_options[49m[43m,[49m[43m [49m[43mmode[49m[38;5;241;43m=[39;49m[43mmode[49m[43m,[49m[43m [49m[43mzarr_version[49m[38;5;241;43m=[39;49m[43mzarr_version[49m
[1;32m   1352[0m [43m[49m[43m)[49m

File [0;32m~/micromamba/envs/bids23/lib/python3.11/site-packages/zarr/storage.py:197[0m, in [0;36mnormalize_store_arg[0;34m(store, storage_options, mode, zarr_version)[0m
[1;32m    195[0m [38;5;28;01melse[39;00m:
[1;32m    196[0m     [38;5;28;01mraise[39;00m [38;5;167;01mValueError[39;00m([38;5;124m"[39m[38;5;124mzarr_version must be either 2 or 3[39m[38;5;124m"[39m)
[0;32m--> 197[0m [38;5;28;01mreturn[39;00m [43mnormalize_store[49m[43m([49m[43mstore[49m[43m,[49m[43m [49m[43mstorage_options[49m[43m,[49m[43m [49m[43mmode[49m[43m)[49m

File [0;32m~/micromamba/envs/bids23/lib/python3.11/site-packages/zarr/storage.py:156[0m, in [0;36m_normalize_store_arg_v2[0;34m(store, storage_options, mode)[0m
[1;32m    153[0m     [38;5;28;01mimport[39;00m [38;5;21;01mfsspec[39;00m
[1;32m    155[0m     [38;5;28;01mif[39;00m [38;5;28misinstance[39m(store, fsspec[38;5;241m.[39mFSMap):
[0;32m--> 156[0m         [38;5;28;01mreturn[39;00m [43mFSStore[49m[43m([49m
[1;32m    157[0m [43m            [49m[43mstore[49m[38;5;241;43m.[39;49m[43mroot[49m[43m,[49m
[1;32m    158[0m [43m            [49m[43mfs[49m[38;5;241;43m=[39;49m[43mstore[49m[38;5;241;43m.[39;49m[43mfs[49m[43m,[49m
[1;32m    159[0m [43m            [49m[43mmode[49m[38;5;241;43m=[39;49m[43mmode[49m[43m,[49m
[1;32m    160[0m [43m            [49m[43mcheck[49m[38;5;241;43m=[39;49m[43mstore[49m[38;5;241;43m.[39;49m[43mcheck[49m[43m,[49m
[1;32m    161[0m [43m            [49m[43mcreate[49m[38;5;241;43m=[39;49m[43mstore[49m[38;5;241;43m.[39;49m[43mcreate[49m[43m,[49m
[1;32m    162[0m [43m            [49m[43mmissing_exceptions[49m[38;5;241;43m=[39;49m[43mstore[49m[38;5;241;43m.[39;49m[43mmissing_exceptions[49m[43m,[49m
[1;32m    163[0m [43m            [49m[38;5;241;43m*[39;49m[38;5;241;43m*[39;49m[43m([49m[43mstorage_options[49m[43m [49m[38;5;129;43;01mor[39;49;00m[43m [49m[43m{[49m[43m}[49m[43m)[49m[43m,[49m
[1;32m    164[0m [43m        [49m[43m)[49m
[1;32m    165[0m [38;5;28;01mif[39;00m [38;5;28misinstance[39m(store, [38;5;28mstr[39m):
[1;32m    166[0m     [38;5;28;01mif[39;00m [38;5;124m"[39m[38;5;124m://[39m[38;5;124m"[39m [38;5;129;01min[39;00m store [38;5;129;01mor[39;00m [38;5;124m"[39m[38;5;124m::[39m[38;5;124m"[39m [38;5;129;01min[39;00m store:

File [0;32m~/micromamba/envs/bids23/lib/python3.11/site-packages/zarr/storage.py:1382[0m, in [0;36mFSStore.__init__[0;34m(self, url, normalize_keys, key_separator, mode, exceptions, dimension_separator, fs, check, create, missing_exceptions, **storage_options)[0m
[1;32m   1380[0m [38;5;28;01melse[39;00m:
[1;32m   1381[0m     [38;5;28;01mif[39;00m storage_options:
[0;32m-> 1382[0m         [38;5;28;01mraise[39;00m [38;5;167;01mValueError[39;00m([38;5;124m"[39m[38;5;124mCannot specify both fs and storage_options[39m[38;5;124m"[39m)
[1;32m   1383[0m     [38;5;28mself[39m[38;5;241m.[39mfs [38;5;241m=[39m fs
[1;32m   1384[0m     [38;5;28mself[39m[38;5;241m.[39mpath [38;5;241m=[39m [38;5;28mself[39m[38;5;241m.[39mfs[38;5;241m.[39m_strip_protocol(url)

[0;31mValueError[0m: Cannot specify both fs and storage_options

